[32m* NOTE::[0m starting branch and bound optimization!
starting process with the following non essential checkers: ['11', '10', '1', '3', '2', '5', '4', '7', '6', '9', '8']
starting process with the following checkers: []
------------------------------
selected list at start: []
excluded list at start: []
Item to be branched: 1
trying picking the item 1
checking the feasibility for the following key: 1
area: 63
[32m* NOTE::[0m feasible solution with area: 63
	------------------
	calculating cost function for items: ['1']
		coverage: 78
	------------------
[32m* NOTE::[0m found better solution with cost: 78 and area: 63
non excluded items: ['1', '2', '3', '4', '5', '6', '7', '8', '9', '10', '11']
optimistic value: 84
------------------------------
selected list at start: ['1']
excluded list at start: []
Item to be branched: 10
trying picking the item 10
checking the feasibility for the following key: 1_10
area: 27
[32m* NOTE::[0m feasible solution with area: 27
	------------------
	calculating cost function for items: ['1', '10']
		coverage: 81
	------------------
[32m* NOTE::[0m found better solution with cost: 81 and area: 27
non excluded items: ['1', '2', '3', '4', '5', '6', '7', '8', '9', '10', '11']
optimistic value: 84
------------------------------
selected list at start: ['1', '10']
excluded list at start: []
Item to be branched: 11
trying picking the item 11
checking the feasibility for the following key: 1_10_11
area: 15
[32m* NOTE::[0m feasible solution with area: 15
	------------------
	calculating cost function for items: ['1', '10', '11']
		coverage: 73
	------------------
non excluded items: ['1', '2', '3', '4', '5', '6', '7', '8', '9', '10', '11']
optimistic value: 84
------------------------------
selected list at start: ['1', '10', '11']
excluded list at start: []
Item to be branched: 2
trying picking the item 2
checking the feasibility for the following key: 1_10_11_2
area: 56
[32m* NOTE::[0m feasible solution with area: 56
	------------------
	calculating cost function for items: ['1', '10', '11', '2']
		coverage: 80
	------------------
non excluded items: ['1', '2', '3', '4', '5', '6', '7', '8', '9', '10', '11']
optimistic value: 84
------------------------------
selected list at start: ['1', '10', '11', '2']
excluded list at start: []
Item to be branched: 3
trying picking the item 3
checking the feasibility for the following key: 1_10_11_2_3
area: 93
[32m* NOTE::[0m feasible solution with area: 93
	------------------
	calculating cost function for items: ['1', '10', '11', '2', '3']
		coverage: 89
	------------------
[32m* NOTE::[0m found better solution with cost: 89 and area: 93
non excluded items: ['1', '2', '3', '4', '5', '6', '7', '8', '9', '10', '11']
optimistic value: 84
[91m* NOTE::[0m bounded!
------------------------------
selected list at start: ['1', '10', '11']
excluded list at start: []
Item to be branched: 2
not picking the item 2
	------------------
	calculating cost function for items: ['1', '10', '11']
		coverage: 73
	------------------
non excluded items: ['1', '3', '4', '5', '6', '7', '8', '9', '10', '11']
optimistic value: 80
[91m* NOTE::[0m bounded!
------------------------------
selected list at start: ['1', '10']
excluded list at start: []
Item to be branched: 11
not picking the item 11
	------------------
	calculating cost function for items: ['1', '10']
		coverage: 81
	------------------
non excluded items: ['1', '2', '3', '4', '5', '6', '7', '8', '9', '10']
optimistic value: 84
[91m* NOTE::[0m bounded!
------------------------------
selected list at start: ['1']
excluded list at start: []
Item to be branched: 10
not picking the item 10
	------------------
	calculating cost function for items: ['1']
		coverage: 78
	------------------
non excluded items: ['1', '2', '3', '4', '5', '6', '7', '8', '9', '11']
optimistic value: 78
[91m* NOTE::[0m bounded!
------------------------------
selected list at start: []
excluded list at start: []
Item to be branched: 1
not picking the item 1
	------------------
	calculating cost function for items: []
non exclude[32m* NOTE::[0m starting branch and bound optimization!
starting process with the following non essential checkers: ['11', '10', '1', '3', '2', '5', '4', '7', '6', '9', '8']
starting process with the following checkers: []
------------------------------
selected list at start: []
excluded list at start: []
Item to be branched: 1
trying picking the item 1
checking the feasibility for the following key: 1
area: 63
[32m* NOTE::[0m feasible solution with area: 63
	------------------
	calculating cost function for items: ['1']
		coverage: 78
	------------------
[32m* NOTE::[0m found better solution with cost: 78 and area: 63
non excluded items: ['1', '2', '3', '4', '5', '6', '7', '8', '9', '10', '11']
optimistic value: 84
------------------------------
selected list at start: ['1']
excluded list at start: []
Item to be branched: 10
trying picking the item 10
checking the feasibility for the following key: 1_10
area: 27
[32m* NOTE::[0m feasible solution with area: 27
	------------------
	calculating cost function for items: ['1', '10']
		coverage: 81
	------------------
[32m* NOTE::[0m found better solution with cost: 81 and area: 27
non excluded items: ['1', '2', '3', '4', '5', '6', '7', '8', '9', '10', '11']
optimistic value: 84
------------------------------
selected list at start: ['1', '10']
excluded list at start: []
Item to be branched: 11
trying picking the item 11
checking the feasibility for the following key: 1_10_11
area: 15
[32m* NOTE::[0m feasible solution with area: 15
	------------------
	calculating cost function for items: ['1', '10', '11']
		coverage: 73
	------------------
non excluded items: ['1', '2', '3', '4', '5', '6', '7', '8', '9', '10', '11']
optimistic value: 84
------------------------------
selected list at start: ['1', '10', '11']
excluded list at start: []
Item to be branched: 2
trying picking the item 2
checking the feasibility for the following key: 1_10_11_2
area: 56
[32m* NOTE::[0m feasible solution with area: 56
	------------------
	calculating cost function for items: ['1', '10', '11', '2']
		coverage: 80
	------------------
non excluded items: ['1', '2', '3', '4', '5', '6', '7', '8', '9', '10', '11']
optimistic value: 84
------------------------------
selected list at start: ['1', '10', '11', '2']
excluded list at start: []
Item to be branched: 3
trying picking the item 3
checking the feasibility for the following key: 1_10_11_2_3
area: 93
[32m* NOTE::[0m feasible solution with area: 93
	------------------
	calculating cost function for items: ['1', '10', '11', '2', '3']
		coverage: 89
	------------------
[32m* NOTE::[0m found better solution with cost: 89 and area: 93
non excluded items: ['1', '2', '3', '4', '5', '6', '7', '8', '9', '10', '11']
optimistic value: 84
[91m* NOTE::[0m bounded!
------------------------------
selected list at start: ['1', '10', '11']
excluded list at start: []
Item to be branched: 2
not picking the item 2
	------------------
	calculating cost function for items: ['1', '10', '11']
		coverage: 73
	------------------
non excluded items: ['1', '3', '4', '5', '6', '7', '8', '9', '10', '11']
optimistic value: 80
[91m* NOTE::[0m bounded!
------------------------------
selected list at start: ['1', '10']
excluded list at start: []
Item to be branched: 11
not picking the item 11
	------------------
	calculating cost function for items: ['1', '10']
		coverage: 81
	------------------
non excluded items: ['1', '2', '3', '4', '5', '6', '7', '8', '9', '10']
optimistic value: 84
[91m* NOTE::[0m bounded!
------------------------------
selected list at start: ['1']
excluded list at start: []
Item to be branched: 10
not picking the item 10
	------------------
	calculating cost function for items: ['1']
		coverage: 78
	------------------
non excluded items: ['1', '2', '3', '4', '5', '6', '7', '8', '9', '11']
optimistic value: 78
[91m* NOTE::[0m bounded!
------------------------------
selected list at start: []
excluded list at start: []
Item to be branched: 1
not picking the item 1
	------------------
	calculating cost function for items: []
non excluded items: ['2', '3', '4', '5', '6', '7', '8', '9', '10', '11']
optimistic value: 78
[91m* NOTE::[0m bounded!
------------------------------
[32m* NOTE::[0m best solution: ['1', '10', '11', '2', '3']
[32m* NOTE::[0m coverage: 89
[32m* NOTE::[0m area: 93
d items: ['2', '3', '4', '5', '6', '7', '8', '9', '10', '11']
optimistic value: 78
[91m* NOTE::[0m bounded!
------------------------------
[32m* NOTE::[0m best solution: ['1', '10', '11', '2', '3']
[32m* NOTE::[0m coverage: 89
[32m* NOTE::[0m area: 93
